2023-07-15 09:56:15 INFO  EmployersController:62 - Шабанов Кирилл Владимирович добавил сотрудника: Тест.
2023-07-26 09:24:24 INFO  VasCalendarKiaService:609 - Добавлен комментарий в карточке ТО календаря KIA: ghbdtn. ID строки: 319.
2023-07-26 09:26:53 INFO  VasCalendarKiaService:609 - Добавлен комментарий в карточке ТО календаря KIA: regwer. ID строки: 319.
2023-07-26 09:28:15 INFO  VasCalendarKiaService:609 - Добавлен комментарий в карточке ТО календаря KIA: adsvas. ID строки: 397.
2023-07-26 09:34:36 INFO  VasCalendarKiaService:609 - Добавлен комментарий в карточке ТО календаря KIA: sdfbsdfb. ID строки: 319.
2023-07-26 09:35:08 INFO  VasCalendarKiaService:609 - Добавлен комментарий в карточке ТО календаря KIA: sdfvsdfvsdfvdsfv. ID строки: 319.
2023-07-26 09:36:36 INFO  VasCalendarKiaService:609 - Добавлен комментарий в карточке ТО календаря KIA: asdcasdcasdc. ID строки: 319.
2023-07-26 09:40:47 INFO  VasCalendarKiaService:609 - Добавлен комментарий в карточке ТО календаря KIA: ascasca. ID строки: 319.
2023-07-26 09:41:05 INFO  VasCalendarKiaService:609 - Добавлен комментарий в карточке ТО календаря KIA: ascascasc. ID строки: 319.
2023-07-26 09:41:16 INFO  VasCalendarKiaService:609 - Добавлен комментарий в карточке ТО календаря KIA: qweqweqweqweqweqweqweqwe. ID строки: 319.
2023-07-26 09:41:30 INFO  VasCalendarKiaService:609 - Добавлен комментарий в карточке ТО календаря KIA: asd.kjasldjvb akjbv askjbdvkasjbdvkajsbdvl ajsbdvkajsbdvkjbsd vljbas dvjbas;djvb;as dkjbljasdhv lasjdbvljasbd l jasbdlvjbasl djvblajs jdb v a. ID строки: 319.
2023-07-26 09:42:21 INFO  VasCalendarKiaService:609 - Добавлен комментарий в карточке ТО календаря KIA: ascascasca. ID строки: 319.
2023-07-26 09:42:27 INFO  VasCalendarKiaService:609 - Добавлен комментарий в карточке ТО календаря KIA: aaaaaa. ID строки: 319.
2023-07-26 09:43:14 INFO  VasCalendarKiaService:609 - Добавлен комментарий в карточке ТО календаря KIA: asdasdasd. ID строки: 319.
2023-07-26 12:06:02 INFO  VasCalendarKiaService:621 - Добавлен комментарий в карточке ТО календаря KIA: asdasd. ID строки: 397.
2023-07-26 12:08:00 INFO  VasCalendarKiaService:621 - Добавлен комментарий в карточке ТО календаря KIA: asasc. ID строки: 769.
2023-07-26 12:29:55 INFO  VasCalendarKiaService:621 - Добавлен комментарий в карточке ТО календаря KIA: asas. ID строки: 711.
2023-07-26 12:31:39 INFO  VasCalendarKiaService:621 - Добавлен комментарий в карточке ТО календаря KIA: . ID строки: 700.
2023-07-26 12:33:01 INFO  VasCalendarKiaService:621 - Добавлен комментарий в карточке ТО календаря KIA: s. ID строки: 701.
2023-07-26 12:43:08 INFO  VasCalendarKiaService:621 - Добавлен комментарий в карточке ТО календаря KIA: asdasda. ID строки: 358.
2023-07-26 14:04:08 INFO  VasCalendarKiaService:623 - Добавлен комментарий в карточке ТО календаря KIA: qweqwe. ID строки: 319.
2023-07-26 14:07:28 INFO  VasCalendarKiaService:623 - Добавлен комментарий в карточке ТО календаря KIA: Test. ID строки: 434.
2023-07-26 14:12:04 INFO  VasCalendarKiaService:623 - Добавлен комментарий в карточке ТО календаря KIA: Проверка связи. ID строки: 319.
2023-07-26 14:13:24 INFO  VasCalendarKiaService:623 - Добавлен комментарий в карточке ТО календаря KIA: Проверка связи. ID строки: 319.
2023-07-26 14:13:31 INFO  VasCalendarKiaService:623 - Добавлен комментарий в карточке ТО календаря KIA: Проверка связи. ID строки: 319.
2023-07-26 14:34:15 INFO  VasCalendarKiaService:623 - Добавлен комментарий в карточке ТО календаря KIA: 213. ID строки: 769.
2023-07-26 14:37:56 INFO  VasCalendarKiaService:623 - Добавлен комментарий в карточке ТО календаря KIA: asdascas. ID строки: 62.
2023-07-26 14:38:22 INFO  VasCalendarKiaService:623 - Добавлен комментарий в карточке ТО календаря KIA: dfsds. ID строки: 397.
2023-07-26 14:39:28 INFO  VasCalendarKiaService:623 - Добавлен комментарий в карточке ТО календаря KIA: pfgsdhgfaksjgf. ID строки: 706.
2023-07-26 14:39:42 INFO  VasCalendarKiaService:623 - Добавлен комментарий в карточке ТО календаря KIA: asefaeg. ID строки: 711.
2023-07-26 14:42:50 INFO  VasCalendarKiaService:623 - Добавлен комментарий в карточке ТО календаря KIA: wegwrtgwrh. ID строки: 493.
2023-07-26 14:43:06 INFO  VasCalendarKiaService:623 - Добавлен комментарий в карточке ТО календаря KIA: wefqwefqweg. ID строки: 700.
2023-07-27 09:47:32 INFO  VasCalendarJacService:633 - Добавлен комментарий в карточке ТО календаря Jac: Лично пойду к Артюхову. Шабанов.. ID строки: 1.
2023-07-28 13:59:17 INFO  VasMailHavalMonthService:159 - Отчёт по автомобилям HAVAL сформирован и отправлен.
2023-07-28 14:03:20 INFO  VasMailHavalMonthService:158 - Отчёт по автомобилям HAVAL сформирован и отправлен.
2023-07-28 14:05:11 INFO  VasMailHavalMonthService:158 - Отчёт по автомобилям HAVAL сформирован и отправлен.
2023-07-28 14:07:12 INFO  VasMailHavalMonthService:158 - Отчёт по автомобилям HAVAL сформирован и отправлен.
2023-07-28 14:08:58 INFO  VasMailHavalMonthService:158 - Отчёт по автомобилям HAVAL сформирован и отправлен.
2023-07-28 14:10:54 INFO  VasMailHavalMonthService:158 - Отчёт по автомобилям HAVAL сформирован и отправлен.
2023-07-28 14:12:01 INFO  VasMailHavalMonthService:158 - Отчёт по автомобилям HAVAL сформирован и отправлен.
2023-07-28 14:16:03 INFO  VasMailHavalMonthService:158 - Отчёт по автомобилям HAVAL сформирован и отправлен.
2023-07-28 14:19:14 INFO  VasMailHavalMonthService:163 - Отчёт по автомобилям HAVAL сформирован и отправлен.
2023-07-28 14:22:57 INFO  VasMailHavalMonthService:159 - Отчёт по автомобилям HAVAL сформирован и отправлен.
2023-07-28 14:25:18 INFO  VasMailHavalMonthService:158 - Отчёт по автомобилям HAVAL сформирован и отправлен.
2023-07-28 14:28:15 INFO  VasMailHavalMonthService:158 - Отчёт по автомобилям HAVAL сформирован и отправлен.
2023-07-28 14:32:54 INFO  VasMailHavalMonthService:159 - Отчёт по автомобилям HAVAL сформирован и отправлен.
2023-07-28 14:34:55 INFO  VasMailHavalMonthService:166 - Отчёт по автомобилям HAVAL сформирован и отправлен.
2023-07-28 14:45:37 INFO  VasMailHavalMonthService:158 - Отчёт по автомобилям HAVAL сформирован и отправлен.
2023-07-28 14:55:18 INFO  VasMailHavalMonthService:158 - Отчёт по автомобилям HAVAL сформирован и отправлен.
2023-08-01 18:57:16 INFO  VasCalendarHavalService:670 - Р”РѕР±Р°РІР»РµРЅ РєРѕРјРјРµРЅС‚Р°СЂРёР№ РІ РєР°СЂС‚РѕС‡РєРµ РўРћ РєР°Р»РµРЅРґР°СЂСЏ Haval: fgbf. ID СЃС‚СЂРѕРєРё: 80.
2023-08-01 19:03:26 INFO  VasCalendarJacService:652 - Р”РѕР±Р°РІР»РµРЅ РєРѕРјРјРµРЅС‚Р°СЂРёР№ РІ РєР°СЂС‚РѕС‡РєРµ РўРћ РєР°Р»РµРЅРґР°СЂСЏ Jac: 
;. ID СЃС‚СЂРѕРєРё: 2.
