2022-12-07 18:10:08 INFO  VasFullReportNpsService:32 - Запрос данных для расширенного регламента опроса клиента KIA: 81098
2022-12-07 18:18:33 INFO  VasFullReportNpsService:32 - Запрос данных для расширенного регламента опроса клиента KIA: 81098
2022-12-07 18:20:10 INFO  VasFullReportNpsService:32 - Запрос данных для расширенного регламента опроса клиента KIA: 81098
2022-12-07 18:21:34 INFO  VasFullReportNpsService:32 - Запрос данных для расширенного регламента опроса клиента KIA: 81098
2022-12-07 18:22:03 INFO  VasFullReportNpsService:32 - Запрос данных для расширенного регламента опроса клиента KIA: 81098
2022-12-07 18:24:59 INFO  VasFullReportNpsService:32 - Запрос данных для расширенного регламента опроса клиента KIA: 81098
2022-12-07 18:25:57 INFO  VasFullReportNpsService:32 - Запрос данных для расширенного регламента опроса клиента KIA: 81098
2022-12-07 18:29:06 INFO  VasFullReportNpsService:33 - Запрос данных для расширенного регламента опроса клиента KIA: 81098
2022-12-07 18:30:59 INFO  VasFullReportNpsService:33 - Запрос данных для расширенного регламента опроса клиента KIA: 81098
2022-12-07 18:32:09 INFO  VasFullReportNpsService:33 - Запрос данных для расширенного регламента опроса клиента KIA: 81098
2022-12-07 18:40:49 INFO  VasFullReportNpsService:33 - Запрос данных для расширенного регламента опроса клиента KIA: 81098
2022-12-07 18:41:11 INFO  VasFullReportNpsService:33 - Запрос данных для расширенного регламента опроса клиента KIA: 81098
2022-12-07 18:41:34 INFO  VasFullReportNpsService:33 - Запрос данных для расширенного регламента опроса клиента KIA: 81098
2022-12-07 18:42:57 INFO  VasFullReportNpsService:33 - Запрос данных для расширенного регламента опроса клиента KIA: 81098
2022-12-07 18:43:08 INFO  VasFullReportNpsService:33 - Запрос данных для расширенного регламента опроса клиента KIA: 81098
2022-12-07 18:44:02 INFO  VasFullReportNpsService:33 - Запрос данных для расширенного регламента опроса клиента KIA: 81098
2022-12-07 18:44:20 INFO  VasFullReportNpsService:33 - Запрос данных для расширенного регламента опроса клиента KIA: 81098
2022-12-07 18:45:21 INFO  VasFullReportNpsService:33 - Запрос данных для расширенного регламента опроса клиента KIA: 81098
2022-12-07 18:45:27 INFO  VasFullReportNpsService:33 - Запрос данных для расширенного регламента опроса клиента KIA: 81098
2022-12-07 18:46:35 INFO  VasFullReportNpsService:33 - Запрос данных для расширенного регламента опроса клиента KIA: 81098
2022-12-07 18:46:51 INFO  VasFullReportNpsService:33 - Запрос данных для расширенного регламента опроса клиента KIA: 81098
2022-12-07 18:52:20 INFO  VasFullReportNpsService:33 - Запрос данных для расширенного регламента опроса клиента KIA: 81098
2022-12-07 18:56:25 INFO  VasFullReportNpsService:33 - Запрос данных для расширенного регламента опроса клиента KIA: 81098
2022-12-07 18:56:28 INFO  VasNpsService:458 - Организация: Джи-Моторс. Сотрудник: Воронова Александра Юрьевна. Изменена дата звонка в з/н: 81098
2022-12-07 18:58:06 INFO  VasFullReportNpsService:33 - Запрос данных для расширенного регламента опроса клиента KIA: 81098
2022-12-07 18:58:10 INFO  VasNpsService:458 - Организация: Джи-Моторс. Сотрудник: Воронова Александра Юрьевна. Изменена дата звонка в з/н: 81098
2022-12-07 19:00:00 INFO  VasFullReportNpsService:33 - Запрос данных для расширенного регламента опроса клиента KIA: 81098
2022-12-07 19:01:53 INFO  VasFullReportNpsService:33 - Запрос данных для расширенного регламента опроса клиента KIA: 81098
2022-12-07 19:04:14 INFO  VasFullReportNpsService:33 - Запрос данных для расширенного регламента опроса клиента KIA: 81098
2022-12-07 19:04:17 INFO  VasNpsService:458 - Организация: Джи-Моторс. Сотрудник: Воронова Александра Юрьевна. Изменена дата звонка в з/н: 81098
2022-12-07 19:05:34 INFO  VasFullReportNpsService:33 - Запрос данных для расширенного регламента опроса клиента KIA: 81098
2022-12-07 19:05:37 INFO  VasNpsService:458 - Организация: ВитебскАвтоСити. Сотрудник: Воронова Александра Юрьевна. Изменена дата звонка в з/н: 81098
2022-12-07 19:05:55 INFO  VasFullReportNpsService:33 - Запрос данных для расширенного регламента опроса клиента KIA: 81098
2022-12-07 19:05:59 INFO  VasNpsService:458 - Организация: ВитебскАвтоСити. Сотрудник: Воронова Александра Юрьевна. Изменена дата звонка в з/н: 81098
2022-12-07 19:10:42 INFO  VasFullReportNpsService:33 - Запрос данных для расширенного регламента опроса клиента KIA: 81098
2022-12-07 19:26:44 INFO  VasFullReportNpsService:33 - Запрос данных для расширенного регламента опроса клиента KIA: 81098
2022-12-07 19:42:25 INFO  VasFullReportNpsService:33 - Запрос данных для расширенного регламента опроса клиента KIA: 81098
2022-12-07 19:46:32 INFO  VasFullReportNpsService:33 - Запрос данных для расширенного регламента опроса клиента KIA: 81098
2022-12-07 19:53:52 INFO  VasFullReportNpsService:33 - Запрос данных для расширенного регламента опроса клиента KIA: count
2022-12-07 20:03:49 INFO  VasFullReportNpsService:32 - Запрос данных для расширенного регламента опроса клиента KIA: countReport
2022-12-07 20:04:26 INFO  VasFullReportNpsService:32 - Запрос данных для расширенного регламента опроса клиента KIA: countReport
2022-12-07 20:04:55 INFO  VasFullReportNpsService:32 - Запрос данных для расширенного регламента опроса клиента KIA: countReport
2022-12-07 20:05:43 INFO  VasFullReportNpsService:32 - Запрос данных для расширенного регламента опроса клиента KIA: countReport
2022-12-07 20:05:45 INFO  VasFullReportNpsService:32 - Запрос данных для расширенного регламента опроса клиента KIA: countReport
2022-12-08 02:17:53 INFO  VasFullReportNpsService:32 - Запрос данных для расширенного регламента опроса клиента KIA: 81098
2022-12-08 02:18:27 INFO  VasFullReportNpsService:32 - Запрос данных для расширенного регламента опроса клиента KIA: 81098
2022-12-08 02:19:06 INFO  VasFullReportNpsService:32 - Запрос данных для расширенного регламента опроса клиента KIA: 81098
2022-12-08 03:06:16 INFO  VasFullReportNpsService:32 - Запрос данных для расширенного регламента опроса клиента KIA: 81098
2022-12-08 03:07:44 INFO  VasFullReportNpsService:32 - Запрос данных для расширенного регламента опроса клиента KIA: 81098
2022-12-08 03:08:17 INFO  VasFullReportNpsService:32 - Запрос данных для расширенного регламента опроса клиента KIA: 81098
2022-12-08 03:08:55 INFO  VasFullReportNpsService:32 - Запрос данных для расширенного регламента опроса клиента KIA: 81098
2022-12-08 03:09:34 INFO  VasFullReportNpsService:32 - Запрос данных для расширенного регламента опроса клиента KIA: 81098
2022-12-08 03:10:37 INFO  VasFullReportNpsService:32 - Запрос данных для расширенного регламента опроса клиента KIA: 81098
2022-12-08 03:11:00 INFO  VasFullReportNpsService:32 - Запрос данных для расширенного регламента опроса клиента KIA: 81098
2022-12-08 03:28:07 INFO  VasFullReportNpsService:32 - Запрос данных для расширенного регламента опроса клиента KIA: 81098
2022-12-08 03:29:30 INFO  VasFullReportNpsService:32 - Запрос данных для расширенного регламента опроса клиента KIA: 81098
2022-12-08 03:30:56 INFO  VasFullReportNpsService:32 - Запрос данных для расширенного регламента опроса клиента KIA: 81098
2022-12-08 04:21:20 INFO  VasFullReportNpsService:32 - Запрос данных для расширенного регламента опроса клиента KIA: 81098
2022-12-09 16:00:01 INFO  VasMailNpsService:157 - Список KIA не сформирован, данных нет.
2022-12-09 16:00:01 INFO  VasMailNpsService:271 - Список SKODA не сформирован, данных нет.
2022-12-09 16:00:01 INFO  VasMailNpsService:335 - Список Multibrand не сформирован, данных нет.
2022-12-09 16:29:14 INFO  VasFullReportNpsService:32 - Запрос данных для расширенного регламента опроса клиента KIA: 81098
2022-12-09 16:29:17 INFO  VasNpsService:458 - Организация: ВитебскАвтоСити. Сотрудник: Воронова Александра Юрьевна. Изменена дата звонка в з/н: 81098
2022-12-09 16:30:28 INFO  VasFullReportNpsService:32 - Запрос данных для расширенного регламента опроса клиента KIA: 81098
2022-12-09 16:30:31 INFO  VasNpsService:458 - Организация: ВитебскАвтоСити. Сотрудник: Воронова Александра Юрьевна. Изменена дата звонка в з/н: 81098
2022-12-09 16:32:02 INFO  VasFullReportNpsService:32 - Запрос данных для расширенного регламента опроса клиента KIA: 81098
2022-12-09 16:32:05 INFO  VasNpsService:458 - Организация: ВитебскАвтоСити. Сотрудник: Воронова Александра Юрьевна. Изменена дата звонка в з/н: 81098
2022-12-09 16:35:31 INFO  VasFullReportNpsService:32 - Запрос данных для расширенного регламента опроса клиента KIA: 81098
2022-12-09 17:00:24 INFO  VasFullReportNpsService:33 - Запрос данных для расширенного регламента опроса клиента KIA: 81098
2022-12-09 17:01:01 INFO  VasFullReportNpsService:33 - Запрос данных для расширенного регламента опроса клиента KIA: 81098
2022-12-09 17:02:34 INFO  VasFullReportNpsService:33 - Запрос данных для расширенного регламента опроса клиента KIA: 81098
2022-12-09 17:03:55 INFO  VasFullReportNpsService:33 - Запрос данных для расширенного регламента опроса клиента KIA: 81098
2022-12-09 17:07:40 INFO  VasFullReportNpsService:33 - Запрос данных для расширенного регламента опроса клиента KIA: 81098
2022-12-09 17:07:45 INFO  VasNpsService:458 - Организация: ВитебскАвтоСити. Сотрудник: Воронова Александра Юрьевна. Изменена дата звонка в з/н: 81098
2022-12-09 17:25:12 INFO  VasFullReportNpsService:33 - Запрос данных для расширенного регламента опроса клиента KIA: 81098
2022-12-09 17:25:44 INFO  VasFullReportNpsService:33 - Запрос данных для расширенного регламента опроса клиента KIA: 81098
2022-12-09 17:31:57 INFO  VasFullReportNpsService:33 - Запрос данных для расширенного регламента опроса клиента KIA: 81098
2022-12-09 17:36:38 INFO  VasFullReportNpsService:33 - Запрос данных для расширенного регламента опроса клиента KIA: 81098
2022-12-09 17:38:04 INFO  VasFullReportNpsService:33 - Запрос данных для расширенного регламента опроса клиента KIA: 81098
2022-12-09 17:38:57 INFO  VasFullReportNpsService:33 - Запрос данных для расширенного регламента опроса клиента KIA: 81098
2022-12-09 17:39:18 INFO  VasFullReportNpsService:33 - Запрос данных для расширенного регламента опроса клиента KIA: 81098
2022-12-09 17:40:37 INFO  VasFullReportNpsService:33 - Запрос данных для расширенного регламента опроса клиента KIA: 81098
2022-12-09 17:41:20 INFO  VasFullReportNpsService:33 - Запрос данных для расширенного регламента опроса клиента KIA: 81098
2022-12-09 17:47:08 INFO  VasFullReportNpsService:33 - Запрос данных для расширенного регламента опроса клиента KIA: 81098
2022-12-09 17:50:04 INFO  VasFullReportNpsService:33 - Запрос данных для расширенного регламента опроса клиента KIA: 81098
2022-12-09 17:50:10 INFO  VasFullReportNpsService:45 - Закрыт NPS по расширенному регламенту опроса клиента KIA: 81098
2022-12-09 18:02:05 INFO  VasFullReportNpsService:33 - Запрос данных для расширенного регламента опроса клиента KIA: 81098
2022-12-09 18:02:36 INFO  VasFullReportNpsService:33 - Запрос данных для расширенного регламента опроса клиента KIA: 81098
2022-12-09 18:03:16 INFO  VasNpsService:503 - Организация: Джи-Моторс. Сотрудник: Воронова Александра Юрьевна. Закрыт NPS по з/н: 81098
2022-12-09 18:03:41 INFO  VasFullReportNpsService:45 - Закрыт NPS по расширенному регламенту опроса клиента KIA: 81098
2022-12-09 18:03:42 INFO  VasNpsService:503 - Организация: Джи-Моторс. Сотрудник: Воронова Александра Юрьевна. Закрыт NPS по з/н: 81098
2022-12-09 18:06:20 INFO  VasFullReportNpsService:33 - Запрос данных для расширенного регламента опроса клиента KIA: 81098
2022-12-09 18:06:31 INFO  VasFullReportNpsService:45 - Закрыт NPS по расширенному регламенту опроса клиента KIA: 81098
2022-12-09 18:06:33 INFO  VasNpsService:503 - Организация: ВитебскАвтоСити. Сотрудник: Воронова Александра Юрьевна. Закрыт NPS по з/н: 81098
2022-12-09 18:08:45 INFO  VasFullReportNpsService:33 - Запрос данных для расширенного регламента опроса клиента KIA: 81098
2022-12-09 18:08:56 INFO  VasFullReportNpsService:45 - Закрыт NPS по расширенному регламенту опроса клиента KIA: 81098
2022-12-09 18:08:57 INFO  VasNpsService:503 - Организация: ВитебскАвтоСити. Сотрудник: Воронова Александра Юрьевна. Закрыт NPS по з/н: 81098
2022-12-09 18:10:10 INFO  VasFullReportNpsService:45 - Закрыт NPS по расширенному регламенту опроса клиента KIA: 81098
2022-12-09 18:10:11 INFO  VasNpsService:503 - Организация: ВитебскАвтоСити. Сотрудник: Воронова Александра Юрьевна. Закрыт NPS по з/н: 81098
2022-12-09 18:10:35 INFO  VasFullReportNpsService:33 - Запрос данных для расширенного регламента опроса клиента KIA: 81098
2022-12-09 18:10:38 INFO  VasNpsService:503 - Организация: ВитебскАвтоСити. Сотрудник: Воронова Александра Юрьевна. Закрыт NPS по з/н: 81098
2022-12-09 18:10:47 INFO  VasFullReportNpsService:45 - Закрыт NPS по расширенному регламенту опроса клиента KIA: 81098
2022-12-09 18:10:49 INFO  VasNpsService:503 - Организация: ВитебскАвтоСити. Сотрудник: Воронова Александра Юрьевна. Закрыт NPS по з/н: 81098
2022-12-09 18:11:52 INFO  VasFullReportNpsService:45 - Закрыт NPS по расширенному регламенту опроса клиента KIA: 81098
2022-12-09 18:11:54 INFO  VasNpsService:503 - Организация: ВитебскАвтоСити. Сотрудник: Воронова Александра Юрьевна. Закрыт NPS по з/н: 81098
2022-12-09 18:13:31 INFO  VasFullReportNpsService:33 - Запрос данных для расширенного регламента опроса клиента KIA: 81098
2022-12-09 18:13:33 INFO  VasFullReportNpsService:45 - Закрыт NPS по расширенному регламенту опроса клиента KIA: 81098
2022-12-09 18:13:34 INFO  VasNpsService:503 - Организация: ВитебскАвтоСити. Сотрудник: Воронова Александра Юрьевна. Закрыт NPS по з/н: 81098
2022-12-09 18:13:56 INFO  VasFullReportNpsService:33 - Запрос данных для расширенного регламента опроса клиента KIA: 81098
2022-12-09 18:21:02 INFO  VasFullReportNpsService:33 - Запрос данных для расширенного регламента опроса клиента KIA: 81098
2022-12-09 18:22:19 INFO  VasFullReportNpsService:33 - Запрос данных для расширенного регламента опроса клиента KIA: 81098
2022-12-09 18:23:13 INFO  VasFullReportNpsService:33 - Запрос данных для расширенного регламента опроса клиента KIA: 81098
2022-12-09 18:23:44 INFO  VasFullReportNpsService:33 - Запрос данных для расширенного регламента опроса клиента KIA: 81099
2022-12-09 18:23:47 INFO  VasFullReportNpsService:33 - Запрос данных для расширенного регламента опроса клиента KIA: 81099
2022-12-09 18:23:54 INFO  VasFullReportNpsService:33 - Запрос данных для расширенного регламента опроса клиента KIA: 81099
2022-12-09 18:24:13 INFO  VasNpsService:458 - Организация: ВитебскАвтоСити. Сотрудник: Воронова Александра Юрьевна. Изменена дата звонка в з/н: 81099
2022-12-09 18:24:20 INFO  VasFullReportNpsService:33 - Запрос данных для расширенного регламента опроса клиента KIA: 81098
2022-12-09 18:24:51 INFO  VasFullReportNpsService:33 - Запрос данных для расширенного регламента опроса клиента KIA: 81098
2022-12-09 18:25:03 INFO  VasFullReportNpsService:33 - Запрос данных для расширенного регламента опроса клиента KIA: 81099
2022-12-09 18:29:54 INFO  VasFullReportNpsService:33 - Запрос данных для расширенного регламента опроса клиента KIA: 81098
2022-12-09 18:32:14 INFO  VasFullReportNpsService:33 - Запрос данных для расширенного регламента опроса клиента KIA: 81098
2022-12-09 18:32:19 INFO  VasFullReportNpsService:33 - Запрос данных для расширенного регламента опроса клиента KIA: 81099
2022-12-09 18:33:12 INFO  VasFullReportNpsService:33 - Запрос данных для расширенного регламента опроса клиента KIA: 81098
2022-12-09 18:33:46 INFO  VasNpsService:351 - Организация: ВитебскАвтоСити. Сотрудник: Гришин Олег Эдуардович. Добавлен новый з/н: 81099
2022-12-09 18:33:58 INFO  VasFullReportNpsService:33 - Запрос данных для расширенного регламента опроса клиента KIA: 81098
2022-12-09 18:34:04 INFO  VasFullReportNpsService:33 - Запрос данных для расширенного регламента опроса клиента KIA: 81099
2022-12-09 18:34:48 INFO  VasFullReportNpsService:33 - Запрос данных для расширенного регламента опроса клиента KIA: 81098
2022-12-09 18:34:52 INFO  VasFullReportNpsService:33 - Запрос данных для расширенного регламента опроса клиента KIA: 81099
2022-12-09 18:35:01 INFO  VasFullReportNpsService:33 - Запрос данных для расширенного регламента опроса клиента KIA: 81098
2022-12-09 18:35:26 INFO  VasFullReportNpsService:33 - Запрос данных для расширенного регламента опроса клиента KIA: 81098
2022-12-09 18:35:33 INFO  VasFullReportNpsService:33 - Запрос данных для расширенного регламента опроса клиента KIA: 81099
2022-12-09 18:36:10 INFO  VasFullReportNpsService:33 - Запрос данных для расширенного регламента опроса клиента KIA: 81099
2022-12-09 18:36:16 INFO  VasFullReportNpsService:33 - Запрос данных для расширенного регламента опроса клиента KIA: 81098
2022-12-09 18:37:36 INFO  VasFullReportNpsService:33 - Запрос данных для расширенного регламента опроса клиента KIA: 81098
2022-12-09 18:37:40 INFO  VasFullReportNpsService:33 - Запрос данных для расширенного регламента опроса клиента KIA: 81099
2022-12-09 18:38:34 INFO  VasFullReportNpsService:33 - Запрос данных для расширенного регламента опроса клиента KIA: 81098
2022-12-09 18:38:38 INFO  VasFullReportNpsService:33 - Запрос данных для расширенного регламента опроса клиента KIA: 81099
2022-12-09 18:38:45 INFO  VasFullReportNpsService:33 - Запрос данных для расширенного регламента опроса клиента KIA: 81098
2022-12-09 18:38:49 INFO  VasFullReportNpsService:33 - Запрос данных для расширенного регламента опроса клиента KIA: 81099
2022-12-09 18:39:59 INFO  VasFullReportNpsService:33 - Запрос данных для расширенного регламента опроса клиента KIA: 81098
2022-12-09 18:40:05 INFO  VasFullReportNpsService:33 - Запрос данных для расширенного регламента опроса клиента KIA: 81099
2022-12-09 18:40:28 INFO  VasFullReportNpsService:33 - Запрос данных для расширенного регламента опроса клиента KIA: 81098
2022-12-09 18:40:33 INFO  VasFullReportNpsService:33 - Запрос данных для расширенного регламента опроса клиента KIA: 81099
2022-12-09 18:40:56 INFO  VasFullReportNpsService:33 - Запрос данных для расширенного регламента опроса клиента KIA: 81098
2022-12-09 18:41:01 INFO  VasFullReportNpsService:33 - Запрос данных для расширенного регламента опроса клиента KIA: 81099
2022-12-09 18:41:27 INFO  VasFullReportNpsService:33 - Запрос данных для расширенного регламента опроса клиента KIA: 81090
2022-12-09 18:43:09 INFO  VasFullReportNpsService:33 - Запрос данных для расширенного регламента опроса клиента KIA: 81098
2022-12-09 18:43:19 INFO  VasFullReportNpsService:33 - Запрос данных для расширенного регламента опроса клиента KIA: 81099
2022-12-09 18:43:25 INFO  VasFullReportNpsService:33 - Запрос данных для расширенного регламента опроса клиента KIA: 81090
2022-12-09 18:43:30 INFO  VasFullReportNpsService:33 - Запрос данных для расширенного регламента опроса клиента KIA: 81098
2022-12-09 18:44:49 INFO  VasFullReportNpsService:33 - Запрос данных для расширенного регламента опроса клиента KIA: 81098
2022-12-09 18:44:58 INFO  VasFullReportNpsService:33 - Запрос данных для расширенного регламента опроса клиента KIA: 81099
2022-12-09 18:45:04 INFO  VasFullReportNpsService:33 - Запрос данных для расширенного регламента опроса клиента KIA: 81090
2022-12-09 18:45:44 INFO  VasFullReportNpsService:33 - Запрос данных для расширенного регламента опроса клиента KIA: 81098
2022-12-09 18:45:56 INFO  VasFullReportNpsService:33 - Запрос данных для расширенного регламента опроса клиента KIA: 81099
2022-12-09 18:46:15 INFO  VasFullReportNpsService:33 - Запрос данных для расширенного регламента опроса клиента KIA: 81090
2022-12-09 18:46:22 INFO  VasFullReportNpsService:33 - Запрос данных для расширенного регламента опроса клиента KIA: 81098
2022-12-09 18:46:26 INFO  VasFullReportNpsService:33 - Запрос данных для расширенного регламента опроса клиента KIA: 81099
2022-12-09 18:46:31 INFO  VasFullReportNpsService:33 - Запрос данных для расширенного регламента опроса клиента KIA: 81098
2022-12-09 18:46:37 INFO  VasFullReportNpsService:33 - Запрос данных для расширенного регламента опроса клиента KIA: 81099
2022-12-09 18:47:28 INFO  VasFullReportNpsService:33 - Запрос данных для расширенного регламента опроса клиента KIA: 81098
2022-12-09 18:48:04 INFO  VasFullReportNpsService:33 - Запрос данных для расширенного регламента опроса клиента KIA: 81098
2022-12-09 18:48:33 INFO  VasFullReportNpsService:33 - Запрос данных для расширенного регламента опроса клиента KIA: 81098
2022-12-09 18:48:59 INFO  VasFullReportNpsService:33 - Запрос данных для расширенного регламента опроса клиента KIA: 81099
2022-12-09 18:49:45 INFO  VasFullReportNpsService:33 - Запрос данных для расширенного регламента опроса клиента KIA: 81099
2022-12-09 18:49:49 INFO  VasFullReportNpsService:33 - Запрос данных для расширенного регламента опроса клиента KIA: 81099
2022-12-09 18:50:19 INFO  VasFullReportNpsService:33 - Запрос данных для расширенного регламента опроса клиента KIA: 81098
2022-12-09 18:50:25 INFO  VasFullReportNpsService:33 - Запрос данных для расширенного регламента опроса клиента KIA: 81099
2022-12-09 18:50:35 INFO  VasFullReportNpsService:33 - Запрос данных для расширенного регламента опроса клиента KIA: 81098
2022-12-09 18:50:41 INFO  VasFullReportNpsService:33 - Запрос данных для расширенного регламента опроса клиента KIA: 81099
2022-12-09 18:50:48 INFO  VasFullReportNpsService:33 - Запрос данных для расширенного регламента опроса клиента KIA: 81090
2022-12-09 18:50:57 INFO  VasFullReportNpsService:33 - Запрос данных для расширенного регламента опроса клиента KIA: 81099
2022-12-09 18:51:02 INFO  VasFullReportNpsService:33 - Запрос данных для расширенного регламента опроса клиента KIA: 81098
2022-12-09 18:51:08 INFO  VasFullReportNpsService:33 - Запрос данных для расширенного регламента опроса клиента KIA: 81099
2022-12-09 18:51:33 INFO  VasFullReportNpsService:33 - Запрос данных для расширенного регламента опроса клиента KIA: 81099
2022-12-09 18:52:03 INFO  VasNpsService:351 - Организация: ВитебскАвтоСити. Сотрудник: Гришин Олег Эдуардович. Добавлен новый з/н: 81090
2022-12-09 18:52:10 INFO  VasFullReportNpsService:33 - Запрос данных для расширенного регламента опроса клиента KIA: 81090
2022-12-09 18:52:15 INFO  VasFullReportNpsService:33 - Запрос данных для расширенного регламента опроса клиента KIA: 81099
2022-12-09 18:52:37 INFO  VasFullReportNpsService:33 - Запрос данных для расширенного регламента опроса клиента KIA: 81099
2022-12-09 18:52:43 INFO  VasFullReportNpsService:33 - Запрос данных для расширенного регламента опроса клиента KIA: 81090
2022-12-09 18:52:49 INFO  VasFullReportNpsService:33 - Запрос данных для расширенного регламента опроса клиента KIA: 81098
2022-12-09 18:52:56 INFO  VasFullReportNpsService:33 - Запрос данных для расширенного регламента опроса клиента KIA: 81099
2022-12-09 18:53:01 INFO  VasFullReportNpsService:33 - Запрос данных для расширенного регламента опроса клиента KIA: 81090
2022-12-09 19:06:22 INFO  VasFullReportNpsService:33 - Запрос данных для расширенного регламента опроса клиента KIA: 81098
2022-12-09 19:06:47 INFO  VasFullReportNpsService:33 - Запрос данных для расширенного регламента опроса клиента KIA: 81099
2022-12-09 19:06:54 INFO  VasFullReportNpsService:33 - Запрос данных для расширенного регламента опроса клиента KIA: 81090
2022-12-09 19:07:42 INFO  VasFullReportNpsService:33 - Запрос данных для расширенного регламента опроса клиента KIA: 81090
2022-12-09 19:09:02 INFO  VasFullReportNpsService:33 - Запрос данных для расширенного регламента опроса клиента KIA: 81098
2022-12-09 19:09:11 INFO  VasFullReportNpsService:33 - Запрос данных для расширенного регламента опроса клиента KIA: 81099
2022-12-09 19:09:15 INFO  VasFullReportNpsService:33 - Запрос данных для расширенного регламента опроса клиента KIA: 81090
2022-12-09 19:09:39 INFO  VasFullReportNpsService:47 - Закрыт NPS по расширенному регламенту опроса клиента KIA: 81090
2022-12-09 19:09:41 INFO  VasNpsService:503 - Организация: ВитебскАвтоСити. Сотрудник: Воронова Александра Юрьевна. Закрыт NPS по з/н: 81090
2022-12-09 19:11:18 INFO  VasFullReportNpsService:33 - Запрос данных для расширенного регламента опроса клиента KIA: 81090
2022-12-09 19:12:53 INFO  VasFullReportNpsService:33 - Запрос данных для расширенного регламента опроса клиента KIA: 81090
2022-12-09 19:13:24 INFO  VasFullReportNpsService:33 - Запрос данных для расширенного регламента опроса клиента KIA: 81090
2022-12-09 19:14:06 INFO  VasFullReportNpsService:33 - Запрос данных для расширенного регламента опроса клиента KIA: 81090
2022-12-09 19:16:43 INFO  VasFullReportNpsService:33 - Запрос данных для расширенного регламента опроса клиента KIA: 81090
2022-12-09 19:16:47 INFO  VasFullReportNpsService:33 - Запрос данных для расширенного регламента опроса клиента KIA: 81098
2022-12-09 19:16:57 INFO  VasFullReportNpsService:33 - Запрос данных для расширенного регламента опроса клиента KIA: 81099
2022-12-09 19:26:32 INFO  VasFullReportNpsService:33 - Запрос данных для расширенного регламента опроса клиента KIA: 81090
2022-12-09 19:26:58 INFO  VasFullReportNpsService:33 - Запрос данных для расширенного регламента опроса клиента KIA: 81098
2022-12-09 19:27:26 INFO  VasFullReportNpsService:33 - Запрос данных для расширенного регламента опроса клиента KIA: 81099
2022-12-09 20:24:52 INFO  VasNpsService:357 - Организация: ВитебскАвтоСити. Сотрудник: Гришин Олег Эдуардович. Попытка добавления неактуального з/н: 81090
2022-12-09 20:27:57 INFO  VasNpsService:360 - Организация: ВитебскАвтоСити. Сотрудник: Гришин Олег Эдуардович. Попытка добавления неактуального з/н: 81090
2022-12-09 20:30:20 INFO  VasNpsService:361 - Организация: ВитебскАвтоСити. Сотрудник: Гришин Олег Эдуардович. Попытка добавления неактуального з/н: 81090
2022-12-09 20:31:48 INFO  VasNpsService:361 - Организация: ВитебскАвтоСити. Сотрудник: Гришин Олег Эдуардович. Попытка добавления неактуального з/н: 81090
2022-12-09 20:33:34 INFO  VasNpsService:362 - Организация: ВитебскАвтоСити. Сотрудник: Гришин Олег Эдуардович. Попытка добавления неактуального з/н: 81090
2022-12-09 20:34:17 INFO  VasNpsService:362 - Организация: ВитебскАвтоСити. Сотрудник: Гришин Олег Эдуардович. Попытка добавления неактуального з/н: 81090
2022-12-09 20:34:47 INFO  VasNpsService:359 - Организация: ВитебскАвтоСити. Сотрудник: Гришин Олег Эдуардович. Попытка добавления неактуального з/н: 81090
2022-12-09 20:35:19 INFO  VasNpsService:360 - Организация: ВитебскАвтоСити. Сотрудник: Гришин Олег Эдуардович. Попытка добавления неактуального з/н: 81090
2022-12-09 20:35:38 INFO  VasNpsService:360 - Организация: ВитебскАвтоСити. Сотрудник: Гришин Олег Эдуардович. Попытка добавления неактуального з/н: 81090
2022-12-09 20:37:25 INFO  VasNpsService:360 - Организация: ВитебскАвтоСити. Сотрудник: Гришин Олег Эдуардович. Попытка добавления неактуального з/н: 81090
2022-12-09 20:40:09 INFO  VasNpsService:360 - Организация: ВитебскАвтоСити. Сотрудник: Гришин Олег Эдуардович. Попытка добавления неактуального з/н: 81090
2022-12-09 20:40:29 INFO  VasNpsService:360 - Организация: ВитебскАвтоСити. Сотрудник: Гришин Олег Эдуардович. Попытка добавления неактуального з/н: 81090
2022-12-09 20:40:57 INFO  VasNpsService:355 - Организация: ВитебскАвтоСити. Сотрудник: Гришин Олег Эдуардович. Добавлен новый з/н: 81090
2022-12-09 20:45:21 INFO  VasNpsService:361 - Организация: ВитебскАвтоСити. Сотрудник: Гришин Олег Эдуардович. Попытка добавления неактуального з/н: 81090
2022-12-09 20:46:07 INFO  VasNpsService:361 - Организация: ВитебскАвтоСити. Сотрудник: Гришин Олег Эдуардович. Попытка добавления неактуального з/н: 81090
2022-12-09 21:37:01 INFO  VasMailNpsService:158 - Список KIA не сформирован, данных нет.
2022-12-09 21:37:01 INFO  VasMailNpsService:316 - Список SKODA не сформирован, данных нет.
2022-12-09 21:37:01 INFO  VasMailNpsService:380 - Список Multibrand не сформирован, данных нет.
2022-12-09 21:40:01 INFO  VasMailNpsService:158 - Список KIA не сформирован, данных нет.
2022-12-09 21:40:01 INFO  VasMailNpsService:316 - Список SKODA не сформирован, данных нет.
2022-12-09 21:40:01 INFO  VasMailNpsService:380 - Список Multibrand не сформирован, данных нет.
2022-12-09 21:43:01 INFO  VasMailNpsService:158 - Список KIA не сформирован, данных нет.
2022-12-09 21:44:01 INFO  VasMailNpsService:158 - Список KIA не сформирован, данных нет.
2022-12-09 21:47:01 INFO  VasMailNpsService:158 - Список KIA не сформирован, данных нет.
2022-12-09 21:51:01 INFO  VasMailNpsService:158 - Список KIA не сформирован, данных нет.
2022-12-09 21:55:01 INFO  VasMailNpsService:158 - Список KIA не сформирован, данных нет.
2022-12-09 22:02:01 INFO  VasMailNpsService:158 - Список KIA не сформирован, данных нет.
2022-12-09 22:04:01 INFO  VasMailNpsService:158 - Список KIA не сформирован, данных нет.
2022-12-09 22:13:01 INFO  VasMailNpsService:158 - Список KIA не сформирован, данных нет.
2022-12-09 22:15:01 INFO  VasMailNpsService:158 - Список KIA не сформирован, данных нет.
2022-12-09 22:18:01 INFO  VasMailNpsService:158 - Список KIA не сформирован, данных нет.
2022-12-09 22:24:01 INFO  VasMailNpsService:158 - Список KIA не сформирован, данных нет.
2022-12-09 22:24:02 INFO  VasMailNpsService:313 - Список SKODA сформирован и отправлен.
2022-12-09 22:24:02 INFO  VasMailNpsService:381 - Список Multibrand не сформирован, данных нет.
2022-12-09 22:27:01 INFO  VasMailNpsService:158 - Список KIA не сформирован, данных нет.
2022-12-09 22:32:01 INFO  VasMailNpsService:158 - Список KIA не сформирован, данных нет.
2022-12-09 22:35:01 INFO  VasMailNpsService:158 - Список KIA не сформирован, данных нет.
2022-12-09 22:35:01 INFO  VasMailNpsService:312 - Список SKODA сформирован и отправлен.
2022-12-09 22:35:01 INFO  VasMailNpsService:380 - Список Multibrand не сформирован, данных нет.
2022-12-09 22:38:01 INFO  VasMailNpsService:158 - Список KIA не сформирован, данных нет.
2022-12-09 22:38:02 INFO  VasMailNpsService:312 - Список SKODA сформирован и отправлен.
2022-12-09 22:38:02 INFO  VasMailNpsService:380 - Список Multibrand не сформирован, данных нет.
2022-12-09 22:52:31 INFO  VasNpsService:355 - Организация: ВитебскАвтоСити. Сотрудник: Гришин Олег Эдуардович. Добавлен новый з/н: 81091
2022-12-09 22:55:01 INFO  VasMailNpsService:158 - Список KIA не сформирован, данных нет.
2022-12-09 22:57:01 INFO  VasMailNpsService:158 - Список KIA не сформирован, данных нет.
2022-12-09 22:59:01 INFO  VasMailNpsService:158 - Список KIA не сформирован, данных нет.
2022-12-09 23:01:01 INFO  VasMailNpsService:158 - Список KIA не сформирован, данных нет.
2022-12-09 23:03:01 INFO  VasMailNpsService:158 - Список KIA не сформирован, данных нет.
2022-12-09 23:04:01 INFO  VasMailNpsService:158 - Список KIA не сформирован, данных нет.
2022-12-09 23:04:01 INFO  VasMailNpsService:294 - Список SKODA сформирован и отправлен.
2022-12-09 23:04:01 INFO  VasMailNpsService:362 - Список Multibrand не сформирован, данных нет.
2022-12-09 23:10:01 INFO  VasMailNpsService:158 - Список KIA не сформирован, данных нет.
2022-12-09 23:12:01 INFO  VasMailNpsService:158 - Список KIA не сформирован, данных нет.
2022-12-09 23:14:01 INFO  VasMailNpsService:158 - Список KIA не сформирован, данных нет.
2022-12-09 23:14:02 INFO  VasMailNpsService:294 - Список SKODA сформирован и отправлен.
2022-12-09 23:14:02 INFO  VasMailNpsService:362 - Список Multibrand не сформирован, данных нет.
2022-12-09 23:16:01 INFO  VasMailNpsService:158 - Список KIA не сформирован, данных нет.
2022-12-09 23:17:01 INFO  VasMailNpsService:158 - Список KIA не сформирован, данных нет.
2022-12-09 23:25:01 INFO  VasMailNpsService:158 - Список KIA не сформирован, данных нет.
2022-12-09 23:28:01 INFO  VasMailNpsService:158 - Список KIA не сформирован, данных нет.
2022-12-09 23:30:01 INFO  VasMailNpsService:158 - Список KIA не сформирован, данных нет.
2022-12-09 23:31:01 INFO  VasMailNpsService:158 - Список KIA не сформирован, данных нет.
2022-12-09 23:32:01 INFO  VasMailNpsService:158 - Список KIA не сформирован, данных нет.
2022-12-09 23:35:01 INFO  VasMailNpsService:158 - Список KIA не сформирован, данных нет.
2022-12-09 23:40:01 INFO  VasMailNpsService:158 - Список KIA не сформирован, данных нет.
2022-12-09 23:42:01 INFO  VasMailNpsService:158 - Список KIA не сформирован, данных нет.
2022-12-09 23:48:01 INFO  VasMailNpsService:158 - Список KIA не сформирован, данных нет.
2022-12-09 23:55:01 INFO  VasMailNpsService:158 - Список KIA не сформирован, данных нет.
2022-12-09 23:59:01 INFO  VasMailNpsService:158 - Список KIA не сформирован, данных нет.
2022-12-10 00:02:01 INFO  VasMailNpsService:157 - Список KIA не сформирован, данных нет.
2022-12-10 00:05:01 INFO  VasMailNpsService:157 - Список KIA не сформирован, данных нет.
2022-12-10 00:05:02 INFO  VasMailNpsService:290 - Список SKODA сформирован и отправлен.
2022-12-10 00:05:02 INFO  VasMailNpsService:358 - Список Multibrand не сформирован, данных нет.
2022-12-10 00:11:01 INFO  VasMailNpsService:157 - Список KIA не сформирован, данных нет.
2022-12-10 00:12:01 INFO  VasMailNpsService:157 - Список KIA не сформирован, данных нет.
2022-12-10 00:12:02 INFO  VasMailNpsService:298 - Список SKODA сформирован и отправлен.
2022-12-10 00:12:02 INFO  VasMailNpsService:366 - Список Multibrand не сформирован, данных нет.
2022-12-10 00:16:01 INFO  VasMailNpsService:157 - Список KIA не сформирован, данных нет.
2022-12-10 00:16:02 INFO  VasMailNpsService:313 - Список SKODA сформирован и отправлен.
2022-12-10 00:16:02 INFO  VasMailNpsService:381 - Список Multibrand не сформирован, данных нет.
2022-12-10 00:21:01 INFO  VasMailNpsService:157 - Список KIA не сформирован, данных нет.
2022-12-10 00:24:01 INFO  VasMailNpsService:157 - Список KIA не сформирован, данных нет.
2022-12-10 00:24:02 INFO  VasMailNpsService:313 - Список SKODA сформирован и отправлен.
2022-12-10 00:24:02 INFO  VasMailNpsService:381 - Список Multibrand не сформирован, данных нет.
2022-12-10 00:27:01 INFO  VasMailNpsService:157 - Список KIA не сформирован, данных нет.
2022-12-10 00:36:01 INFO  VasMailNpsService:157 - Список KIA не сформирован, данных нет.
2022-12-10 00:36:01 INFO  VasMailNpsService:233 - Список SKODA сформирован и отправлен.
2022-12-10 00:36:01 INFO  VasMailNpsService:301 - Список Multibrand не сформирован, данных нет.
2022-12-10 03:20:51 INFO  VasMailNpsService:138 - Ошибка: java.io.FileNotFoundException: C:\Users\User\Desktop\vasNPS\src\main\resources\outputReports\SatisfactionReport\дек. 2022.xlsx (Процесс не может получить доступ к файлу, так как этот файл занят другим процессом)
2022-12-10 03:25:04 INFO  VasMailNpsService:138 - Ошибка: java.io.FileNotFoundException: C:\Users\User\Desktop\vasNPS\src\main\resources\outputReports\SatisfactionReport\дек. 2022.xlsx (Процесс не может получить доступ к файлу, так как этот файл занят другим процессом)
2022-12-10 04:19:46 INFO  VasMailNpsService:139 - Ошибка: java.io.FileNotFoundException: C:\Users\User\Desktop\vasNPS\src\main\resources\outputReports\SatisfactionReport\дек. 2022.xlsx (Процесс не может получить доступ к файлу, так как этот файл занят другим процессом)
2022-12-10 05:08:10 INFO  VasMailNpsService:168 - Ошибка: java.io.FileNotFoundException: C:\Users\User\Desktop\vasNPS\src\main\resources\outputReports\SatisfactionReport\дек. 2022.xlsx (Процесс не может получить доступ к файлу, так как этот файл занят другим процессом)
2022-12-11 15:15:25 INFO  VasMailNpsService:168 - Ошибка: java.io.FileNotFoundException: C:\Users\User\Desktop\vasNPS\src\main\resources\outputReports\SatisfactionReport\дек. 2022.xlsx (Процесс не может получить доступ к файлу, так как этот файл занят другим процессом)
2022-12-11 15:19:14 INFO  VasFullReportNpsService:33 - Запрос данных для расширенного регламента опроса клиента KIA: 81098
2022-12-11 15:20:46 INFO  VasFullReportNpsService:33 - Запрос данных для расширенного регламента опроса клиента KIA: 81090
2022-12-11 15:22:04 INFO  VasFullReportNpsService:47 - Закрыт NPS по расширенному регламенту опроса клиента KIA: 81090
2022-12-11 15:22:06 INFO  VasNpsService:507 - Организация: ВитебскАвтоСити. Сотрудник: Воронова Александра Юрьевна. Закрыт NPS по з/н: 81090
2022-12-11 15:53:05 INFO  VasMailNpsService:180 - Ошибка: java.io.FileNotFoundException: C:\Users\User\Desktop\vasNPS\src\main\resources\outputReports\SatisfactionReport\дек. 2022.xlsx (Процесс не может получить доступ к файлу, так как этот файл занят другим процессом)
2022-12-11 15:54:06 INFO  VasMailNpsService:180 - Ошибка: java.io.FileNotFoundException: C:\Users\User\Desktop\vasNPS\src\main\resources\outputReports\SatisfactionReport\дек. 2022.xlsx (Процесс не может получить доступ к файлу, так как этот файл занят другим процессом)
2022-12-11 17:11:53 INFO  VasFullReportNpsService:33 - Запрос данных для расширенного регламента опроса клиента KIA: 81091
2022-12-11 17:12:55 INFO  VasFullReportNpsService:47 - Закрыт NPS по расширенному регламенту опроса клиента KIA: 81091
2022-12-11 17:12:57 INFO  VasNpsService:507 - Организация: ВитебскАвтоСити. Сотрудник: Воронова Александра Юрьевна. Закрыт NPS по з/н: 81091
2022-12-11 17:37:33 INFO  VasMailNpsService:179 - Ошибка: java.io.FileNotFoundException: C:\Users\User\Desktop\vasNPS\src\main\resources\outputReports\SatisfactionReport\дек. 2022.xlsx (Процесс не может получить доступ к файлу, так как этот файл занят другим процессом)
2022-12-11 18:08:07 INFO  VasNpsService:355 - Организация: ВитебскАвтоСити. Сотрудник: Гришин Олег Эдуардович. Добавлен новый з/н: 81092
2022-12-11 18:08:28 INFO  VasFullReportNpsService:33 - Запрос данных для расширенного регламента опроса клиента KIA: 81092
2022-12-11 18:09:08 INFO  VasFullReportNpsService:33 - Запрос данных для расширенного регламента опроса клиента KIA: 81092
2022-12-11 18:09:39 INFO  VasFullReportNpsService:47 - Закрыт NPS по расширенному регламенту опроса клиента KIA: 81092
2022-12-11 18:09:41 INFO  VasNpsService:507 - Организация: ВитебскАвтоСити. Сотрудник: Воронова Александра Юрьевна. Закрыт NPS по з/н: 81092
2022-12-11 18:47:36 INFO  VasNpsService:355 - Организация: ВитебскАвтоСити. Сотрудник: Гришин Олег Эдуардович. Добавлен новый з/н: 81093
2022-12-11 18:47:45 INFO  VasNpsService:355 - Организация: ВитебскАвтоСити. Сотрудник: Гришин Олег Эдуардович. Добавлен новый з/н: 81094
2022-12-11 18:47:50 INFO  VasNpsService:355 - Организация: ВитебскАвтоСити. Сотрудник: Гришин Олег Эдуардович. Добавлен новый з/н: 81095
2022-12-11 18:47:57 INFO  VasNpsService:355 - Организация: ВитебскАвтоСити. Сотрудник: Гришин Олег Эдуардович. Добавлен новый з/н: 81096
2022-12-11 18:48:05 INFO  VasNpsService:355 - Организация: ВитебскАвтоСити. Сотрудник: Гришин Олег Эдуардович. Добавлен новый з/н: 81097
2022-12-11 18:48:12 INFO  VasNpsService:355 - Организация: ВитебскАвтоСити. Сотрудник: Гришин Олег Эдуардович. Добавлен новый з/н: 81098
2022-12-11 18:48:19 INFO  VasNpsService:355 - Организация: ВитебскАвтоСити. Сотрудник: Гришин Олег Эдуардович. Добавлен новый з/н: 81099
2022-12-11 18:48:30 INFO  VasNpsService:355 - Организация: ВитебскАвтоСити. Сотрудник: Гришин Олег Эдуардович. Добавлен новый з/н: 810910
2022-12-11 18:48:36 INFO  VasNpsService:355 - Организация: ВитебскАвтоСити. Сотрудник: Гришин Олег Эдуардович. Добавлен новый з/н: 810911
2022-12-11 18:48:43 INFO  VasNpsService:355 - Организация: ВитебскАвтоСити. Сотрудник: Гришин Олег Эдуардович. Добавлен новый з/н: 810912
2022-12-11 18:50:12 INFO  VasFullReportNpsService:33 - Запрос данных для расширенного регламента опроса клиента KIA: 81093
2022-12-11 18:50:20 INFO  VasFullReportNpsService:47 - Закрыт NPS по расширенному регламенту опроса клиента KIA: 81093
2022-12-11 18:50:21 INFO  VasNpsService:507 - Организация: ВитебскАвтоСити. Сотрудник: Воронова Александра Юрьевна. Закрыт NPS по з/н: 81093
2022-12-11 18:50:30 INFO  VasFullReportNpsService:33 - Запрос данных для расширенного регламента опроса клиента KIA: 81094
2022-12-11 18:50:34 INFO  VasFullReportNpsService:47 - Закрыт NPS по расширенному регламенту опроса клиента KIA: 81094
2022-12-11 18:50:36 INFO  VasNpsService:507 - Организация: ВитебскАвтоСити. Сотрудник: Воронова Александра Юрьевна. Закрыт NPS по з/н: 81094
2022-12-11 18:50:41 INFO  VasFullReportNpsService:33 - Запрос данных для расширенного регламента опроса клиента KIA: 81095
2022-12-11 18:50:48 INFO  VasFullReportNpsService:47 - Закрыт NPS по расширенному регламенту опроса клиента KIA: 81095
2022-12-11 18:50:49 INFO  VasNpsService:507 - Организация: ВитебскАвтоСити. Сотрудник: Воронова Александра Юрьевна. Закрыт NPS по з/н: 81095
2022-12-11 18:50:56 INFO  VasFullReportNpsService:33 - Запрос данных для расширенного регламента опроса клиента KIA: 81096
2022-12-11 18:51:19 INFO  VasFullReportNpsService:47 - Закрыт NPS по расширенному регламенту опроса клиента KIA: 81096
2022-12-11 18:51:20 INFO  VasNpsService:507 - Организация: ВитебскАвтоСити. Сотрудник: Воронова Александра Юрьевна. Закрыт NPS по з/н: 81096
2022-12-11 18:51:26 INFO  VasFullReportNpsService:33 - Запрос данных для расширенного регламента опроса клиента KIA: 81097
2022-12-11 18:51:30 INFO  VasFullReportNpsService:47 - Закрыт NPS по расширенному регламенту опроса клиента KIA: 81097
2022-12-11 18:51:31 INFO  VasNpsService:507 - Организация: ВитебскАвтоСити. Сотрудник: Воронова Александра Юрьевна. Закрыт NPS по з/н: 81097
2022-12-11 18:51:37 INFO  VasFullReportNpsService:33 - Запрос данных для расширенного регламента опроса клиента KIA: 81098
2022-12-11 18:51:42 INFO  VasFullReportNpsService:47 - Закрыт NPS по расширенному регламенту опроса клиента KIA: 81098
2022-12-11 18:51:43 INFO  VasNpsService:507 - Организация: ВитебскАвтоСити. Сотрудник: Воронова Александра Юрьевна. Закрыт NPS по з/н: 81098
2022-12-11 18:51:48 INFO  VasFullReportNpsService:33 - Запрос данных для расширенного регламента опроса клиента KIA: 81099
2022-12-11 18:51:58 INFO  VasFullReportNpsService:47 - Закрыт NPS по расширенному регламенту опроса клиента KIA: 81099
2022-12-11 18:51:59 INFO  VasNpsService:507 - Организация: ВитебскАвтоСити. Сотрудник: Воронова Александра Юрьевна. Закрыт NPS по з/н: 81099
2022-12-11 18:52:07 INFO  VasFullReportNpsService:33 - Запрос данных для расширенного регламента опроса клиента KIA: 810910
2022-12-11 18:52:15 INFO  VasFullReportNpsService:47 - Закрыт NPS по расширенному регламенту опроса клиента KIA: 810910
2022-12-11 18:52:17 INFO  VasNpsService:507 - Организация: ВитебскАвтоСити. Сотрудник: Воронова Александра Юрьевна. Закрыт NPS по з/н: 810910
2022-12-11 18:52:26 INFO  VasFullReportNpsService:33 - Запрос данных для расширенного регламента опроса клиента KIA: 810911
2022-12-11 18:52:31 INFO  VasFullReportNpsService:47 - Закрыт NPS по расширенному регламенту опроса клиента KIA: 810911
2022-12-11 18:52:32 INFO  VasNpsService:507 - Организация: ВитебскАвтоСити. Сотрудник: Воронова Александра Юрьевна. Закрыт NPS по з/н: 810911
2022-12-11 18:52:39 INFO  VasFullReportNpsService:33 - Запрос данных для расширенного регламента опроса клиента KIA: 810913
2022-12-11 18:52:43 INFO  VasFullReportNpsService:33 - Запрос данных для расширенного регламента опроса клиента KIA: 810912
2022-12-11 18:52:59 INFO  VasFullReportNpsService:47 - Закрыт NPS по расширенному регламенту опроса клиента KIA: 810912
2022-12-11 18:53:00 INFO  VasNpsService:507 - Организация: ВитебскАвтоСити. Сотрудник: Воронова Александра Юрьевна. Закрыт NPS по з/н: 810912
2022-12-11 19:15:52 INFO  VasMailNpsService:258 - Отчёт по удовлетворенности клиентов KIA сформирован и отправлен.
